{"C:\\Users\\RedHat\\Documents\\crypto-telegram-bot\\src\\commands\\news.js": {"path":"C:\\Users\\RedHat\\Documents\\crypto-telegram-bot\\src\\commands\\news.js","statementMap":{"0":{"start":{"line":1,"column":32},"end":{"line":1,"column":63}},"1":{"start":{"line":2,"column":14},"end":{"line":2,"column":30}},"2":{"start":{"line":4,"column":18},"end":{"line":4,"column":38}},"3":{"start":{"line":5,"column":14},"end":{"line":5,"column":104}},"4":{"start":{"line":7,"column":2},"end":{"line":13,"column":3}},"5":{"start":{"line":8,"column":21},"end":{"line":8,"column":41}},"6":{"start":{"line":9,"column":4},"end":{"line":9,"column":45}},"7":{"start":{"line":11,"column":4},"end":{"line":11,"column":56}},"8":{"start":{"line":12,"column":4},"end":{"line":12,"column":14}},"9":{"start":{"line":16,"column":0},"end":{"line":29,"column":2}},"10":{"start":{"line":17,"column":2},"end":{"line":17,"column":55}},"11":{"start":{"line":18,"column":2},"end":{"line":18,"column":37}},"12":{"start":{"line":19,"column":23},"end":{"line":19,"column":46}},"13":{"start":{"line":20,"column":24},"end":{"line":22,"column":17}},"14":{"start":{"line":21,"column":29},"end":{"line":21,"column":61}},"15":{"start":{"line":24,"column":2},"end":{"line":24,"column":27}},"16":{"start":{"line":25,"column":2},"end":{"line":25,"column":59}},"17":{"start":{"line":25,"column":33},"end":{"line":25,"column":57}},"18":{"start":{"line":26,"column":2},"end":{"line":26,"column":37}},"19":{"start":{"line":27,"column":18},"end":{"line":27,"column":57}},"20":{"start":{"line":28,"column":2},"end":{"line":28,"column":21}}},"fnMap":{"0":{"name":"fetchCryptoNews","decl":{"start":{"line":3,"column":15},"end":{"line":3,"column":30}},"loc":{"start":{"line":3,"column":33},"end":{"line":14,"column":1}},"line":3},"1":{"name":"(anonymous_1)","decl":{"start":{"line":16,"column":17},"end":{"line":16,"column":18}},"loc":{"start":{"line":16,"column":32},"end":{"line":29,"column":1}},"line":16},"2":{"name":"(anonymous_2)","decl":{"start":{"line":21,"column":9},"end":{"line":21,"column":10}},"loc":{"start":{"line":21,"column":29},"end":{"line":21,"column":61}},"line":21},"3":{"name":"(anonymous_3)","decl":{"start":{"line":25,"column":20},"end":{"line":25,"column":21}},"loc":{"start":{"line":25,"column":33},"end":{"line":25,"column":57}},"line":25}},"branchMap":{},"s":{"0":1,"1":1,"2":2,"3":2,"4":2,"5":2,"6":1,"7":1,"8":1,"9":1,"10":2,"11":2,"12":2,"13":2,"14":3,"15":2,"16":2,"17":2,"18":2,"19":2,"20":2},"f":{"0":2,"1":2,"2":3,"3":2},"b":{},"_coverageSchema":"1a1c01bbd47fc00a2c39e90264f33305004495a9","hash":"76e52df0eb3534a27e7680457e987e5b0da6f0f1"}
}
